<?xml version="1.0" encoding="UTF-8"?>
<!-- Generated by org.testng.reporters.JUnitXMLReporter -->
<testsuite ignored="0" hostname="Ekamban-Laptop" failures="0" tests="5" name="Test" time="8.771" errors="0" timestamp="2020-09-12T18:53:51 NZST">
  <testcase classname="testcase.TC_RequestResposne" name="DeleteUserByID" time="4.904"/>
  <testcase classname="testcase.TC_RequestResposne" name="GetAllUsers" time="0.26"/>
  <testcase classname="testcase.TC_RequestResposne" name="GetUserByID" time="1.253"/>
  <testcase classname="testcase.TC_RequestResposne" name="PostSingleUser" time="1.446"/>
  <testcase classname="testcase.TC_RequestResposne" name="PutUserByID" time="0.839"/>
</testsuite> <!-- Test -->
