<?xml version="1.0" encoding="UTF-8"?>
<!-- Generated by org.testng.reporters.JUnitXMLReporter -->
<testsuite ignored="0" hostname="Ekamban-Laptop" failures="0" tests="5" name="Default test" time="8.298" errors="0" timestamp="2020-09-12T18:18:17 NZST">
  <testcase classname="testcase.Tc_petstoreapi" name="test_deletereq" time="4.297"/>
  <testcase classname="testcase.Tc_petstoreapi" name="test_getPetByid" time="0.249"/>
  <testcase classname="testcase.Tc_petstoreapi" name="test_getreq" time="1.374"/>
  <testcase classname="testcase.Tc_petstoreapi" name="test_postname" time="1.271"/>
  <testcase classname="testcase.Tc_petstoreapi" name="test_putreq" time="1.051"/>
</testsuite> <!-- Default test -->
